<?xml version="1.0" encoding="UTF-8"?>
<coverage generated="1660118912120" clover="3.2.0">
  <project timestamp="1660118912120" name="All files">
    <metrics statements="40" coveredstatements="36" conditionals="12" coveredconditionals="8" methods="13" coveredmethods="13" elements="65" coveredelements="57" complexity="0" loc="40" ncloc="40" packages="2" files="2" classes="2"/>
    <package name="src">
      <metrics statements="2" coveredstatements="0" conditionals="0" coveredconditionals="0" methods="0" coveredmethods="0"/>
      <file name="main.ts" path="/Users/cl0165/Documents/geekbrains/node/src/main.ts">
        <metrics statements="2" coveredstatements="0" conditionals="0" coveredconditionals="0" methods="0" coveredmethods="0"/>
        <line num="1" count="0" type="stmt"/>
        <line num="3" count="0" type="stmt"/>
      </file>
    </package>
    <package name="src.toColorNumber">
      <metrics statements="38" coveredstatements="36" conditionals="12" coveredconditionals="8" methods="13" coveredmethods="13"/>
      <file name="color-number.ts" path="/Users/cl0165/Documents/geekbrains/node/src/toColorNumber/color-number.ts">
        <metrics statements="38" coveredstatements="36" conditionals="12" coveredconditionals="8" methods="13" coveredmethods="13"/>
        <line num="1" count="1" type="stmt"/>
        <line num="2" count="1" type="stmt"/>
        <line num="3" count="4" type="stmt"/>
        <line num="4" count="4" type="stmt"/>
        <line num="5" count="4" type="stmt"/>
        <line num="8" count="4" type="cond" truecount="1" falsecount="1"/>
        <line num="9" count="4" type="stmt"/>
        <line num="12" count="5" type="cond" truecount="1" falsecount="0"/>
        <line num="13" count="3" type="stmt"/>
        <line num="14" count="3" type="stmt"/>
        <line num="16" count="2" type="stmt"/>
        <line num="19" count="6" type="stmt"/>
        <line num="22" count="4" type="cond" truecount="2" falsecount="1"/>
        <line num="23" count="0" type="stmt"/>
        <line num="24" count="0" type="stmt"/>
        <line num="26" count="4" type="stmt"/>
        <line num="29" count="2" type="stmt"/>
        <line num="30" count="12" type="stmt"/>
        <line num="33" count="2" type="stmt"/>
        <line num="34" count="12" type="stmt"/>
        <line num="35" count="26" type="cond" truecount="1" falsecount="0"/>
        <line num="36" count="8" type="stmt"/>
        <line num="39" count="4" type="stmt"/>
        <line num="43" count="2" type="stmt"/>
        <line num="44" count="4" type="stmt"/>
        <line num="45" count="4" type="stmt"/>
        <line num="46" count="4" type="cond" truecount="1" falsecount="0"/>
        <line num="47" count="4" type="stmt"/>
        <line num="51" count="2" type="cond" truecount="0" falsecount="1"/>
        <line num="55" count="5" type="stmt"/>
        <line num="56" count="5" type="cond" truecount="1" falsecount="0"/>
        <line num="57" count="2" type="stmt"/>
        <line num="58" count="2" type="cond" truecount="0" falsecount="1"/>
        <line num="59" count="2" type="stmt"/>
        <line num="60" count="2" type="stmt"/>
        <line num="61" count="2" type="stmt"/>
        <line num="62" count="2" type="stmt"/>
        <line num="63" count="2" type="stmt"/>
      </file>
    </package>
  </project>
</coverage>
