{"/Users/cl0165/Documents/geekbrains/node/src/main.ts": {"path":"/Users/cl0165/Documents/geekbrains/node/src/main.ts","statementMap":{"0":{"start":{"line":1,"column":0},"end":{"line":1,"column":64}},"1":{"start":{"line":3,"column":0},"end":{"line":3,"column":null}}},"fnMap":{},"branchMap":{},"s":{"0":0,"1":0},"f":{},"b":{}}
,"/Users/cl0165/Documents/geekbrains/node/src/toColorNumber/color-number.ts": {"path":"/Users/cl0165/Documents/geekbrains/node/src/toColorNumber/color-number.ts","statementMap":{"0":{"start":{"line":1,"column":0},"end":{"line":1,"column":15}},"1":{"start":{"line":3,"column":2},"end":{"line":3,"column":null}},"2":{"start":{"line":4,"column":2},"end":{"line":4,"column":null}},"3":{"start":{"line":5,"column":2},"end":{"line":5,"column":null}},"4":{"start":{"line":8,"column":4},"end":{"line":8,"column":null}},"5":{"start":{"line":9,"column":4},"end":{"line":9,"column":null}},"6":{"start":{"line":12,"column":4},"end":{"line":15,"column":null}},"7":{"start":{"line":13,"column":6},"end":{"line":13,"column":null}},"8":{"start":{"line":14,"column":6},"end":{"line":14,"column":12}},"9":{"start":{"line":16,"column":4},"end":{"line":16,"column":null}},"10":{"start":{"line":19,"column":3},"end":{"line":19,"column":null}},"11":{"start":{"line":19,"column":40},"end":{"line":19,"column":56}},"12":{"start":{"line":22,"column":4},"end":{"line":25,"column":null}},"13":{"start":{"line":23,"column":6},"end":{"line":23,"column":null}},"14":{"start":{"line":24,"column":6},"end":{"line":24,"column":12}},"15":{"start":{"line":26,"column":4},"end":{"line":26,"column":null}},"16":{"start":{"line":29,"column":25},"end":{"line":29,"column":30}},"17":{"start":{"line":30,"column":4},"end":{"line":30,"column":null}},"18":{"start":{"line":30,"column":56},"end":{"line":30,"column":67}},"19":{"start":{"line":33,"column":4},"end":{"line":40,"column":null}},"20":{"start":{"line":34,"column":6},"end":{"line":38,"column":null}},"21":{"start":{"line":34,"column":18},"end":{"line":34,"column":19}},"22":{"start":{"line":35,"column":8},"end":{"line":37,"column":null}},"23":{"start":{"line":36,"column":10},"end":{"line":36,"column":null}},"24":{"start":{"line":39,"column":6},"end":{"line":39,"column":null}},"25":{"start":{"line":43,"column":4},"end":{"line":48,"column":null}},"26":{"start":{"line":44,"column":6},"end":{"line":44,"column":null}},"27":{"start":{"line":45,"column":6},"end":{"line":45,"column":null}},"28":{"start":{"line":46,"column":6},"end":{"line":46,"column":null}},"29":{"start":{"line":46,"column":27},"end":{"line":46,"column":null}},"30":{"start":{"line":47,"column":6},"end":{"line":47,"column":null}},"31":{"start":{"line":51,"column":4},"end":{"line":51,"column":80}},"32":{"start":{"line":51,"column":26},"end":{"line":51,"column":80}},"33":{"start":{"line":55,"column":17},"end":{"line":55,"column":47}},"34":{"start":{"line":56,"column":4},"end":{"line":56,"column":19}},"35":{"start":{"line":56,"column":13},"end":{"line":56,"column":19}},"36":{"start":{"line":57,"column":18},"end":{"line":57,"column":37}},"37":{"start":{"line":58,"column":4},"end":{"line":58,"column":43}},"38":{"start":{"line":58,"column":37},"end":{"line":58,"column":43}},"39":{"start":{"line":59,"column":25},"end":{"line":59,"column":44}},"40":{"start":{"line":60,"column":30},"end":{"line":60,"column":67}},"41":{"start":{"line":61,"column":4},"end":{"line":61,"column":null}},"42":{"start":{"line":62,"column":4},"end":{"line":62,"column":null}},"43":{"start":{"line":63,"column":4},"end":{"line":63,"column":null}},"44":{"start":{"line":2,"column":1},"end":{"line":2,"column":14}}},"fnMap":{"0":{"name":"(anonymous_0)","decl":{"start":{"line":7,"column":2},"end":{"line":7,"column":14}},"loc":{"start":{"line":7,"column":41},"end":{"line":10,"column":3}}},"1":{"name":"(anonymous_1)","decl":{"start":{"line":11,"column":2},"end":{"line":11,"column":16}},"loc":{"start":{"line":11,"column":21},"end":{"line":17,"column":3}}},"2":{"name":"(anonymous_2)","decl":{"start":{"line":18,"column":2},"end":{"line":18,"column":10}},"loc":{"start":{"line":18,"column":15},"end":{"line":20,"column":3}}},"3":{"name":"(anonymous_3)","decl":{"start":{"line":19,"column":35},"end":{"line":19,"column":36}},"loc":{"start":{"line":19,"column":40},"end":{"line":19,"column":56}}},"4":{"name":"(anonymous_4)","decl":{"start":{"line":21,"column":2},"end":{"line":21,"column":18}},"loc":{"start":{"line":21,"column":24},"end":{"line":27,"column":3}}},"5":{"name":"(anonymous_5)","decl":{"start":{"line":28,"column":2},"end":{"line":28,"column":9}},"loc":{"start":{"line":28,"column":15},"end":{"line":31,"column":3}}},"6":{"name":"(anonymous_6)","decl":{"start":{"line":30,"column":44},"end":{"line":30,"column":45}},"loc":{"start":{"line":30,"column":56},"end":{"line":30,"column":67}}},"7":{"name":"(anonymous_7)","decl":{"start":{"line":32,"column":2},"end":{"line":32,"column":20}},"loc":{"start":{"line":32,"column":24},"end":{"line":41,"column":3}}},"8":{"name":"(anonymous_8)","decl":{"start":{"line":33,"column":22},"end":{"line":33,"column":23}},"loc":{"start":{"line":33,"column":26},"end":{"line":40,"column":5}}},"9":{"name":"(anonymous_9)","decl":{"start":{"line":42,"column":2},"end":{"line":42,"column":21}},"loc":{"start":{"line":42,"column":25},"end":{"line":49,"column":3}}},"10":{"name":"(anonymous_10)","decl":{"start":{"line":43,"column":12},"end":{"line":43,"column":13}},"loc":{"start":{"line":43,"column":16},"end":{"line":48,"column":5}}},"11":{"name":"(anonymous_11)","decl":{"start":{"line":50,"column":2},"end":{"line":50,"column":15}},"loc":{"start":{"line":50,"column":19},"end":{"line":52,"column":3}}},"12":{"name":"(anonymous_12)","decl":{"start":{"line":54,"column":2},"end":{"line":54,"column":6}},"loc":{"start":{"line":54,"column":6},"end":{"line":64,"column":3}}}},"branchMap":{"0":{"loc":{"start":{"line":7,"column":14},"end":{"line":7,"column":41}},"type":"default-arg","locations":[{"start":{"line":7,"column":39},"end":{"line":7,"column":41}}]},"1":{"loc":{"start":{"line":8,"column":16},"end":{"line":8,"column":63}},"type":"cond-expr","locations":[{"start":{"line":8,"column":44},"end":{"line":8,"column":56}},{"start":{"line":8,"column":59},"end":{"line":8,"column":63}}]},"2":{"loc":{"start":{"line":12,"column":4},"end":{"line":15,"column":null}},"type":"if","locations":[{"start":{"line":12,"column":4},"end":{"line":15,"column":null}}]},"3":{"loc":{"start":{"line":22,"column":4},"end":{"line":25,"column":null}},"type":"if","locations":[{"start":{"line":22,"column":4},"end":{"line":25,"column":null}}]},"4":{"loc":{"start":{"line":22,"column":7},"end":{"line":22,"column":35}},"type":"binary-expr","locations":[{"start":{"line":22,"column":7},"end":{"line":22,"column":13}},{"start":{"line":22,"column":17},"end":{"line":22,"column":35}}]},"5":{"loc":{"start":{"line":35,"column":8},"end":{"line":37,"column":null}},"type":"if","locations":[{"start":{"line":35,"column":8},"end":{"line":37,"column":null}}]},"6":{"loc":{"start":{"line":46,"column":6},"end":{"line":46,"column":null}},"type":"if","locations":[{"start":{"line":46,"column":6},"end":{"line":46,"column":null}}]},"7":{"loc":{"start":{"line":51,"column":4},"end":{"line":51,"column":80}},"type":"if","locations":[{"start":{"line":51,"column":4},"end":{"line":51,"column":80}}]},"8":{"loc":{"start":{"line":56,"column":4},"end":{"line":56,"column":19}},"type":"if","locations":[{"start":{"line":56,"column":4},"end":{"line":56,"column":19}}]},"9":{"loc":{"start":{"line":58,"column":4},"end":{"line":58,"column":43}},"type":"if","locations":[{"start":{"line":58,"column":4},"end":{"line":58,"column":43}}]}},"s":{"0":1,"1":4,"2":4,"3":4,"4":4,"5":4,"6":5,"7":3,"8":3,"9":2,"10":3,"11":6,"12":4,"13":0,"14":0,"15":4,"16":2,"17":2,"18":12,"19":2,"20":12,"21":12,"22":26,"23":8,"24":4,"25":2,"26":4,"27":4,"28":4,"29":1,"30":4,"31":2,"32":0,"33":5,"34":5,"35":3,"36":2,"37":2,"38":0,"39":2,"40":2,"41":2,"42":2,"43":2,"44":1},"f":{"0":4,"1":5,"2":3,"3":6,"4":4,"5":2,"6":12,"7":2,"8":12,"9":2,"10":4,"11":2,"12":5},"b":{"0":[3],"1":[0,4],"2":[3],"3":[0],"4":[4,4],"5":[8],"6":[1],"7":[0],"8":[3],"9":[0]}}
}
