TN:
SF:src/main.ts
FNF:0
FNH:0
DA:1,0
DA:3,0
LF:2
LH:0
BRF:0
BRH:0
end_of_record
TN:
SF:src/toColorNumber/color-number.ts
FN:7,(anonymous_0)
FN:11,(anonymous_1)
FN:18,(anonymous_2)
FN:19,(anonymous_3)
FN:21,(anonymous_4)
FN:28,(anonymous_5)
FN:30,(anonymous_6)
FN:32,(anonymous_7)
FN:33,(anonymous_8)
FN:42,(anonymous_9)
FN:43,(anonymous_10)
FN:50,(anonymous_11)
FN:54,(anonymous_12)
FNF:13
FNH:13
FNDA:4,(anonymous_0)
FNDA:5,(anonymous_1)
FNDA:3,(anonymous_2)
FNDA:6,(anonymous_3)
FNDA:4,(anonymous_4)
FNDA:2,(anonymous_5)
FNDA:12,(anonymous_6)
FNDA:2,(anonymous_7)
FNDA:12,(anonymous_8)
FNDA:2,(anonymous_9)
FNDA:4,(anonymous_10)
FNDA:2,(anonymous_11)
FNDA:5,(anonymous_12)
DA:1,1
DA:2,1
DA:3,4
DA:4,4
DA:5,4
DA:8,4
DA:9,4
DA:12,5
DA:13,3
DA:14,3
DA:16,2
DA:19,6
DA:22,4
DA:23,0
DA:24,0
DA:26,4
DA:29,2
DA:30,12
DA:33,2
DA:34,12
DA:35,26
DA:36,8
DA:39,4
DA:43,2
DA:44,4
DA:45,4
DA:46,4
DA:47,4
DA:51,2
DA:55,5
DA:56,5
DA:57,2
DA:58,2
DA:59,2
DA:60,2
DA:61,2
DA:62,2
DA:63,2
LF:38
LH:36
BRDA:7,0,0,3
BRDA:8,1,0,0
BRDA:8,1,1,4
BRDA:12,2,0,3
BRDA:22,3,0,0
BRDA:22,4,0,4
BRDA:22,4,1,4
BRDA:35,5,0,8
BRDA:46,6,0,1
BRDA:51,7,0,0
BRDA:56,8,0,3
BRDA:58,9,0,0
BRF:12
BRH:8
end_of_record
